C51 COMPILER V9.53.0.0   MAIN                                                              11/15/2021 22:44:17 PAGE 1   


C51 COMPILER V9.53.0.0, COMPILATION OF MODULE MAIN
OBJECT MODULE PLACED IN main.OBJ
COMPILER INVOKED BY: C:\Keil_v5\C51\BIN\C51.EXE main.c OPTIMIZE(8,SPEED) BROWSE DEBUG OBJECTEXTEND

line level    source

   1          /************************************************************************************
   2          *  Copyright (c), 2013, HelTec Automatic Technology co.,LTD.
   3          *            All rights reserved.
   4          *
   5          * Http:    www.heltec.cn
   6          * Email:   cn.heltec@gmail.com
   7          * WebShop: heltec.taobao.com
   8          *
   9          * File name: OLED12864.c
  10          * Project  : OLED
  11          * Processor: STC89C52
  12          * Compiler : Keil C51 Compiler
  13          * 
  14          * Author : 小林
  15          * Version: 1.00
  16          * Date   : 2013.8.8
  17          * Email  : hello14blog@gmail.com
  18          * Modification: none
  19          * 
  20          * Description: 128*64点整OLED模块功能演示程序的主函数，仅适用heltec.taobao.com所售产品
  21          *
  22          * Others: none;
  23          *
  24          * Function List:
  25          *
  26          * 1. void delay(unsigned int z) -- 主函数中用于调整显示效果的延时函数,STC89C52 12MHZ z=1时大约延时1ms,其他
             -频率需要自己计算
  27          * 2. void main(void) -- 主函数
  28          *
  29          * History: none;
  30          *注意说明：CS脚需要接地
  31          *************************************************************************************/
  32          
  33          //#include "reg52.h"
  34          #include "intrins.h"
  35          #include "codetab.h"
  36          #include "LQ12864.h"
*** ERROR C141 IN LINE 15 OF C:\Keil_v5\C51\Inc\reg52.h: syntax error near 'sfr'
  37          
  38          void main(void)
  39          {
  40   1              unsigned char i;
  41   1      
  42   1              OLED_Init(); //OLED初始化
  43   1              while(1)
  44   1              {
  45   2      //              OLED_Fill(0xff); //屏全亮
  46   2      //              delay(2000);
  47   2      //              OLED_Fill(0x00); //屏全灭
  48   2      //              delay(200);
  49   2                      OLED_P16x16Ch(24,0,1);
  50   2                      OLED_P16x16Ch(40,0,2);
  51   2                      OLED_P16x16Ch(57,0,3);
  52   2                      OLED_P16x16Ch(74,0,4);
  53   2                      OLED_P16x16Ch(91,0,5);
C51 COMPILER V9.53.0.0   MAIN                                                              11/15/2021 22:44:17 PAGE 2   

  54   2                      for(i=0; i<8; i++)//通过点整显示汉字 -- i表示字表数组的位置
  55   2                      {
  56   3      //                      OLED_P16x16Ch(i*16,0,i);
  57   3                              OLED_P16x16Ch(i*16,2,i+8);
  58   3                              OLED_P16x16Ch(i*16,4,i+16);
  59   3                              OLED_P16x16Ch(i*16,6,i+24);
  60   3                      }
  61   2                      delay(4000);
  62   2                      OLED_CLS();//清屏
  63   2      
  64   2                      OLED_P8x16Str(0,0,"HelTec");//第一行 -- 8x16的显示单元显示ASCII码
  65   2                      OLED_P8x16Str(0,2,"OLED Display");
  66   2                      OLED_P8x16Str(0,4,"www.heltec.cn");
  67   2                      OLED_P6x8Str(0,6,"cn.heltec@gmail.com");
  68   2                      OLED_P6x8Str(0,7,"heltec.taobao.com");
  69   2                      delay(4000);
  70   2                      OLED_CLS();
  71   2      
  72   2                      Draw_BMP(0,0,128,8,BMP1);  //图片显示(图片显示慎用，生成的字表较大，会占用较多空间，FLASH空间8K以下慎用)
  73   2                      delay(8000);
  74   2                      Draw_BMP(0,0,128,8,BMP2);
  75   2                      delay(8000);
  76   2              }
  77   1      }
  78          
  79          /*              OLED_P8x16Str(47,0,"LQS");
  80                          OLED_P16x16Ch(72,0,0);
  81                          OLED_P16x16Ch(24,2,1);
  82                          OLED_P16x16Ch(40,2,2);
  83                          OLED_P16x16Ch(57,2,3);
  84                          OLED_P16x16Ch(74,2,4);
  85                          OLED_P16x16Ch(91,2,5);
  86                          OLED_P8x16Str(47,4,"(*3*)");
  87                          OLED_P16x16Ch(40,6,6);
  88                          OLED_P16x16Ch(57,6,7);
  89                          OLED_P16x16Ch(74,6,8);
  90                          OLED_P8x16Str(91,6,"!");
  91          */

C51 COMPILATION COMPLETE.  0 WARNING(S),  1 ERROR(S)
